[debug] [2024-01-12T07:13:11.535Z] ----------------------------------------------------------------------
[debug] [2024-01-12T07:13:11.539Z] Command:       C:\Program Files\nodejs\node.exe C:\Users\EE-MUM-LAPTOP001\AppData\Roaming\npm\node_modules\firebase-tools\lib\bin\firebase.js init
[debug] [2024-01-12T07:13:11.540Z] CLI Version:   13.0.3
[debug] [2024-01-12T07:13:11.540Z] Platform:      win32
[debug] [2024-01-12T07:13:11.540Z] Node Version:  v20.11.0
[debug] [2024-01-12T07:13:11.540Z] Time:          Fri Jan 12 2024 12:43:11 GMT+0530 (India Standard Time)
[debug] [2024-01-12T07:13:11.540Z] ----------------------------------------------------------------------
[debug] 
[debug] [2024-01-12T07:13:11.548Z] > command requires scopes: ["email","openid","https://www.googleapis.com/auth/cloudplatformprojects.readonly","https://www.googleapis.com/auth/firebase","https://www.googleapis.com/auth/cloud-platform"]
[debug] [2024-01-12T07:13:11.549Z] > authorizing via signed-in user (sundaramseth.ucer@gmail.com)
[info] 
     ######## #### ########  ######## ########     ###     ######  ########
     ##        ##  ##     ## ##       ##     ##  ##   ##  ##       ##
     ######    ##  ########  ######   ########  #########  ######  ######
     ##        ##  ##    ##  ##       ##     ## ##     ##       ## ##
     ##       #### ##     ## ######## ########  ##     ##  ######  ########

You're about to initialize a Firebase project in this directory:

  C:\Users\EE-MUM-LAPTOP001\Desktop\websites\MY NEW PORTFOLIO\sundaram

[info] 
=== Project Setup
[info] 
[info] First, let's associate this project directory with a Firebase project.
[info] You can create multiple project aliases by running firebase use --add, 
[info] but for now we'll just set up a default project.
[info] 
[debug] [2024-01-12T07:13:44.735Z] > refreshing access token with scopes: []
[debug] [2024-01-12T07:13:44.738Z] >>> [apiv2][query] POST https://www.googleapis.com/oauth2/v3/token [none]
[debug] [2024-01-12T07:13:44.738Z] >>> [apiv2][body] POST https://www.googleapis.com/oauth2/v3/token [omitted]
[debug] [2024-01-12T07:13:45.046Z] <<< [apiv2][status] POST https://www.googleapis.com/oauth2/v3/token 200
[debug] [2024-01-12T07:13:45.046Z] <<< [apiv2][body] POST https://www.googleapis.com/oauth2/v3/token [omitted]
[debug] [2024-01-12T07:13:45.056Z] >>> [apiv2][query] GET https://firebase.googleapis.com/v1beta1/projects pageSize=100
[debug] [2024-01-12T07:13:45.778Z] <<< [apiv2][status] GET https://firebase.googleapis.com/v1beta1/projects 200
[debug] [2024-01-12T07:13:45.778Z] <<< [apiv2][body] GET https://firebase.googleapis.com/v1beta1/projects [omitted]
[info] i  Using project sundaramsethweb (sundaramseth) 
[info] 
=== Hosting Setup
[debug] [2024-01-12T07:13:54.459Z] >>> [apiv2][query] GET https://firebase.googleapis.com/v1beta1/projects/sundaramsethweb [none]
[debug] [2024-01-12T07:13:54.948Z] <<< [apiv2][status] GET https://firebase.googleapis.com/v1beta1/projects/sundaramsethweb 200
[debug] [2024-01-12T07:13:54.949Z] <<< [apiv2][body] GET https://firebase.googleapis.com/v1beta1/projects/sundaramsethweb {"projectId":"sundaramsethweb","projectNumber":"145654408826","displayName":"sundaramseth","name":"projects/sundaramsethweb","resources":{"hostingSite":"sundaramsethweb"},"state":"ACTIVE","etag":"1_6d83c49b-b63d-46a4-9517-291766653fe0"}
[info] 
[info] Your public directory is the folder (relative to your project directory) that
[info] will contain Hosting assets to be uploaded with firebase deploy. If you
[info] have a build process for your assets, use your build's output directory.
[info] 
[debug] [2024-01-12T07:14:17.586Z] >>> [apiv2][query] GET https://www.gstatic.com/firebasejs/releases.json [none]
[debug] [2024-01-12T07:14:17.801Z] <<< [apiv2][status] GET https://www.gstatic.com/firebasejs/releases.json 200
[debug] [2024-01-12T07:14:17.802Z] <<< [apiv2][body] GET https://www.gstatic.com/firebasejs/releases.json {"current":{"version":"10.7.1","browserURL":"https://www.gstatic.com/firebasejs/10.7.1/firebase.js","packageURL":"https://www.gstatic.com/firebasejs/10.7.1/firebase.tgz"},"live":{"version":"10.7","browserURL":"https://www.gstatic.com/firebasejs/live/10.7/firebase.js","packageURL":"https://www.gstatic.com/firebasejs/live/10.7/firebase.tgz"},"components":{"analytics":"https://www.gstatic.com/firebasejs/10.7.1/firebase-analytics.js","app":"https://www.gstatic.com/firebasejs/10.7.1/firebase-app.js","app-check":"https://www.gstatic.com/firebasejs/10.7.1/firebase-app-check.js","auth":"https://www.gstatic.com/firebasejs/10.7.1/firebase-auth.js","auth/cordova":"https://www.gstatic.com/firebasejs/10.7.1/firebase-auth/cordova.js","functions":"https://www.gstatic.com/firebasejs/10.7.1/firebase-functions.js","firestore":"https://www.gstatic.com/firebasejs/10.7.1/firebase-firestore.js","firestore/lite":"https://www.gstatic.com/firebasejs/10.7.1/firebase-firestore/lite.js","installations":"https://www.gstatic.com/firebasejs/10.7.1/firebase-installations.js","storage":"https://www.gstatic.com/firebasejs/10.7.1/firebase-storage.js","performance":"https://www.gstatic.com/firebasejs/10.7.1/firebase-performance.js","remote-config":"https://www.gstatic.com/firebasejs/10.7.1/firebase-remote-config.js","messaging":"https://www.gstatic.com/firebasejs/10.7.1/firebase-messaging.js","messaging/sw":"https://www.gstatic.com/firebasejs/10.7.1/firebase-messaging/sw.js","database":"https://www.gstatic.com/firebasejs/10.7.1/firebase-database.js","firestore.memory":"https://www.gstatic.com/firebasejs/10.7.1/firebase-firestore.memory.js"}}
[info] +  Wrote dist/sundaram/index.html 
[info] 
[info] i  Detected a .git folder at C:\Users\EE-MUM-LAPTOP001\Desktop\websites\MY NEW PORTFOLIO\sundaram 
[info] i  Authorizing with GitHub to upload your service account to a GitHub repository's secrets store. 
[info] 
[info] Visit this URL on this device to log in:
[info] https://github.com/login/oauth/authorize?client_id=89cf50f02ac6aaed3484&state=111383731&redirect_uri=http%3A%2F%2Flocalhost%3A9005&scope=read%3Auser%20repo%20public_repo
[info] 
[info] Waiting for authentication...
[debug] [2024-01-12T07:14:22.198Z] >>> [apiv2][query] POST https://github.com/login/oauth/access_token [none]
[debug] [2024-01-12T07:14:22.199Z] >>> [apiv2][body] POST https://github.com/login/oauth/access_token [stream]
[debug] [2024-01-12T07:14:22.668Z] <<< [apiv2][status] POST https://github.com/login/oauth/access_token 200
[debug] [2024-01-12T07:14:22.668Z] <<< [apiv2][body] POST https://github.com/login/oauth/access_token {"access_token":"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","token_type":"bearer","scope":"read:user,repo"}
[debug] [2024-01-12T07:14:22.678Z] >>> [apiv2][query] GET https://api.github.com/user [none]
[debug] [2024-01-12T07:14:23.127Z] <<< [apiv2][status] GET https://api.github.com/user 200
[debug] [2024-01-12T07:14:23.128Z] <<< [apiv2][body] GET https://api.github.com/user {"login":"sundaramseth","id":50983202,"node_id":"MDQ6VXNlcjUwOTgzMjAy","avatar_url":"https://avatars.githubusercontent.com/u/50983202?v=4","gravatar_id":"","url":"https://api.github.com/users/sundaramseth","html_url":"https://github.com/sundaramseth","followers_url":"https://api.github.com/users/sundaramseth/followers","following_url":"https://api.github.com/users/sundaramseth/following{/other_user}","gists_url":"https://api.github.com/users/sundaramseth/gists{/gist_id}","starred_url":"https://api.github.com/users/sundaramseth/starred{/owner}{/repo}","subscriptions_url":"https://api.github.com/users/sundaramseth/subscriptions","organizations_url":"https://api.github.com/users/sundaramseth/orgs","repos_url":"https://api.github.com/users/sundaramseth/repos","events_url":"https://api.github.com/users/sundaramseth/events{/privacy}","received_events_url":"https://api.github.com/users/sundaramseth/received_events","type":"User","site_admin":false,"name":"Sundaram  Seth","company":"Eccentric Engne","blog":"https://sundaramseth-portfolio.web.app","location":"Delhi,India","email":null,"hireable":null,"bio":"Lover of code, Lives in Technology, My hobby is developing websites and mobile apps. I am working as a freelancer anyone can contact me for Querry.","twitter_username":null,"public_repos":19,"public_gists":0,"followers":1,"following":1,"created_at":"2019-05-24T08:01:12Z","updated_at":"2024-01-10T08:22:47Z","private_gists":0,"total_private_repos":12,"owned_private_repos":12,"disk_usage":83009,"collaborators":0,"two_factor_authentication":false,"plan":{"name":"free","space":976562499,"collaborators":0,"private_repos":10000}}
[info] 
[info] +  Success! Logged into GitHub as sundaramseth 
[info] 
